# JRE version: OpenJDK Runtime Environment (11.0.11+9) (build 11.0.11+9-Ubuntu-0ubuntu2.18.04)
# Java VM: OpenJDK 64-Bit Server VM (11.0.11+9-Ubuntu-0ubuntu2.18.04, mixed mode, sharing, tiered, compressed oops, parallel gc, linux-amd64)
Heap:
 PSYoungGen      total 41984K, used 0K [0x00000000eab00000, 0x00000000eea00000, 0x0000000100000000)
  eden space 27648K, 0% used [0x00000000eab00000,0x00000000eab00000,0x00000000ec600000)
  from space 14336K, 0% used [0x00000000ec600000,0x00000000ec600000,0x00000000ed400000)
  to   space 6144K, 0% used [0x00000000ed400000,0x00000000ed400000,0x00000000eda00000)
 ParOldGen       total 155648K, used 127777K [0x00000000c0000000, 0x00000000c9800000, 0x00000000eab00000)
  object space 155648K, 82% used [0x00000000c0000000,0x00000000c7cc84b8,0x00000000c9800000)
 Metaspace       used 45617K, capacity 48432K, committed 48728K, reserved 1091584K
  class space    used 4728K, capacity 5683K, committed 5760K, reserved 1048576K
GC Heap History (20 events):
Event: 15.730 GC heap after
{Heap after GC invocations=31 (full 4):
 PSYoungGen      total 26624K, used 7038K [0x00000000eab00000, 0x00000000ed480000, 0x0000000100000000)
  eden space 19456K, 0% used [0x00000000eab00000,0x00000000eab00000,0x00000000ebe00000)
  from space 7168K, 98% used [0x00000000ebe00000,0x00000000ec4dfa08,0x00000000ec500000)
  to   space 10240K, 0% used [0x00000000eca80000,0x00000000eca80000,0x00000000ed480000)
 ParOldGen       total 155648K, used 91401K [0x00000000c0000000, 0x00000000c9800000, 0x00000000eab00000)
  object space 155648K, 58% used [0x00000000c0000000,0x00000000c5942458,0x00000000c9800000)
 Metaspace       used 41555K, capacity 44226K, committed 44504K, reserved 1089536K
  class space    used 4372K, capacity 5262K, committed 5376K, reserved 1048576K
}
Event: 15.887 GC heap before
{Heap before GC invocations=32 (full 4):
 PSYoungGen      total 26624K, used 26494K [0x00000000eab00000, 0x00000000ed480000, 0x0000000100000000)
  eden space 19456K, 100% used [0x00000000eab00000,0x00000000ebe00000,0x00000000ebe00000)
  from space 7168K, 98% used [0x00000000ebe00000,0x00000000ec4dfa08,0x00000000ec500000)
  to   space 10240K, 0% used [0x00000000eca80000,0x00000000eca80000,0x00000000ed480000)
 ParOldGen       total 155648K, used 91401K [0x00000000c0000000, 0x00000000c9800000, 0x00000000eab00000)
  object space 155648K, 58% used [0x00000000c0000000,0x00000000c5942458,0x00000000c9800000)
 Metaspace       used 41606K, capacity 44294K, committed 44760K, reserved 1089536K
  class space    used 4372K, capacity 5262K, committed 5376K, reserved 1048576K
}
Event: 15.958 GC heap after
{Heap after GC invocations=32 (full 4):
 PSYoungGen      total 28672K, used 10213K [0x00000000eab00000, 0x00000000edc00000, 0x0000000100000000)
  eden space 18432K, 0% used [0x00000000eab00000,0x00000000eab00000,0x00000000ebd00000)
  from space 10240K, 99% used [0x00000000eca80000,0x00000000ed479750,0x00000000ed480000)
  to   space 13824K, 0% used [0x00000000ebd00000,0x00000000ebd00000,0x00000000eca80000)
 ParOldGen       total 155648K, used 93922K [0x00000000c0000000, 0x00000000c9800000, 0x00000000eab00000)
  object space 155648K, 60% used [0x00000000c0000000,0x00000000c5bb8ad0,0x00000000c9800000)
 Metaspace       used 41606K, capacity 44294K, committed 44760K, reserved 1089536K
  class space    used 4372K, capacity 5262K, committed 5376K, reserved 1048576K
}
Event: 16.106 GC heap before
{Heap before GC invocations=33 (full 4):
 PSYoungGen      total 28672K, used 28645K [0x00000000eab00000, 0x00000000edc00000, 0x0000000100000000)
  eden space 18432K, 100% used [0x00000000eab00000,0x00000000ebd00000,0x00000000ebd00000)
  from space 10240K, 99% used [0x00000000eca80000,0x00000000ed479750,0x00000000ed480000)
  to   space 13824K, 0% used [0x00000000ebd00000,0x00000000ebd00000,0x00000000eca80000)
 ParOldGen       total 155648K, used 93922K [0x00000000c0000000, 0x00000000c9800000, 0x00000000eab00000)
  object space 155648K, 60% used [0x00000000c0000000,0x00000000c5bb8ad0,0x00000000c9800000)
 Metaspace       used 41645K, capacity 44302K, committed 44760K, reserved 1089536K
  class space    used 4379K, capacity 5265K, committed 5376K, reserved 1048576K
}
Event: 16.174 GC heap after
{Heap after GC invocations=33 (full 4):
 PSYoungGen      total 24064K, used 5184K [0x00000000eab00000, 0x00000000ed000000, 0x0000000100000000)
  eden space 18432K, 0% used [0x00000000eab00000,0x00000000eab00000,0x00000000ebd00000)
  from space 5632K, 92% used [0x00000000ebd00000,0x00000000ec2103a0,0x00000000ec280000)
  to   space 8192K, 0% used [0x00000000ec800000,0x00000000ec800000,0x00000000ed000000)
 ParOldGen       total 155648K, used 104119K [0x00000000c0000000, 0x00000000c9800000, 0x00000000eab00000)
  object space 155648K, 66% used [0x00000000c0000000,0x00000000c65adf78,0x00000000c9800000)
 Metaspace       used 41645K, capacity 44302K, committed 44760K, reserved 1089536K
  class space    used 4379K, capacity 5265K, committed 5376K, reserved 1048576K
}
Event: 16.370 GC heap before
{Heap before GC invocations=34 (full 4):
 PSYoungGen      total 24064K, used 23616K [0x00000000eab00000, 0x00000000ed000000, 0x0000000100000000)
  eden space 18432K, 100% used [0x00000000eab00000,0x00000000ebd00000,0x00000000ebd00000)
  from space 5632K, 92% used [0x00000000ebd00000,0x00000000ec2103a0,0x00000000ec280000)
  to   space 8192K, 0% used [0x00000000ec800000,0x00000000ec800000,0x00000000ed000000)
 ParOldGen       total 155648K, used 104119K [0x00000000c0000000, 0x00000000c9800000, 0x00000000eab00000)
  object space 155648K, 66% used [0x00000000c0000000,0x00000000c65adf78,0x00000000c9800000)
 Metaspace       used 42017K, capacity 44657K, committed 45016K, reserved 1089536K
  class space    used 4409K, capacity 5298K, committed 5376K, reserved 1048576K
}
Event: 16.431 GC heap after
{Heap after GC invocations=34 (full 4):
 PSYoungGen      total 27648K, used 6034K [0x00000000eab00000, 0x00000000ece00000, 0x0000000100000000)
  eden space 21504K, 0% used [0x00000000eab00000,0x00000000eab00000,0x00000000ec000000)
  from space 6144K, 98% used [0x00000000ec800000,0x00000000ecde48f0,0x00000000ece00000)
  to   space 6656K, 0% used [0x00000000ec100000,0x00000000ec100000,0x00000000ec780000)
 ParOldGen       total 155648K, used 109272K [0x00000000c0000000, 0x00000000c9800000, 0x00000000eab00000)
  object space 155648K, 70% used [0x00000000c0000000,0x00000000c6ab6050,0x00000000c9800000)
 Metaspace       used 42017K, capacity 44657K, committed 45016K, reserved 1089536K
  class space    used 4409K, capacity 5298K, committed 5376K, reserved 1048576K
}
Event: 16.598 GC heap before
{Heap before GC invocations=35 (full 4):
 PSYoungGen      total 27648K, used 27538K [0x00000000eab00000, 0x00000000ece00000, 0x0000000100000000)
  eden space 21504K, 100% used [0x00000000eab00000,0x00000000ec000000,0x00000000ec000000)
  from space 6144K, 98% used [0x00000000ec800000,0x00000000ecde48f0,0x00000000ece00000)
  to   space 6656K, 0% used [0x00000000ec100000,0x00000000ec100000,0x00000000ec780000)
 ParOldGen       total 155648K, used 109272K [0x00000000c0000000, 0x00000000c9800000, 0x00000000eab00000)
  object space 155648K, 70% used [0x00000000c0000000,0x00000000c6ab6050,0x00000000c9800000)
 Metaspace       used 42356K, capacity 45012K, committed 45272K, reserved 1089536K
  class space    used 4432K, capacity 5331K, committed 5376K, reserved 1048576K
}
Event: 16.693 GC heap after
{Heap after GC invocations=35 (full 4):
 PSYoungGen      total 29184K, used 6635K [0x00000000eab00000, 0x00000000ee180000, 0x0000000100000000)
  eden space 22528K, 0% used [0x00000000eab00000,0x00000000eab00000,0x00000000ec100000)
  from space 6656K, 99% used [0x00000000ec100000,0x00000000ec77adc0,0x00000000ec780000)
  to   space 15360K, 0% used [0x00000000ed280000,0x00000000ed280000,0x00000000ee180000)
 ParOldGen       total 155648K, used 116499K [0x00000000c0000000, 0x00000000c9800000, 0x00000000eab00000)
  object space 155648K, 74% used [0x00000000c0000000,0x00000000c71c4e60,0x00000000c9800000)
 Metaspace       used 42356K, capacity 45012K, committed 45272K, reserved 1089536K
  class space    used 4432K, capacity 5331K, committed 5376K, reserved 1048576K
}
Event: 16.880 GC heap before
{Heap before GC invocations=36 (full 4):
 PSYoungGen      total 29184K, used 29163K [0x00000000eab00000, 0x00000000ee180000, 0x0000000100000000)
  eden space 22528K, 100% used [0x00000000eab00000,0x00000000ec100000,0x00000000ec100000)
  from space 6656K, 99% used [0x00000000ec100000,0x00000000ec77adc0,0x00000000ec780000)
  to   space 15360K, 0% used [0x00000000ed280000,0x00000000ed280000,0x00000000ee180000)
 ParOldGen       total 155648K, used 116499K [0x00000000c0000000, 0x00000000c9800000, 0x00000000eab00000)
  object space 155648K, 74% used [0x00000000c0000000,0x00000000c71c4e60,0x00000000c9800000)
 Metaspace       used 43487K, capacity 46124K, committed 46424K, reserved 1089536K
  class space    used 4511K, capacity 5403K, committed 5504K, reserved 1048576K
}
Event: 16.977 GC heap after
{Heap after GC invocations=36 (full 4):
 PSYoungGen      total 35328K, used 8357K [0x00000000eab00000, 0x00000000edb00000, 0x0000000100000000)
  eden space 26624K, 0% used [0x00000000eab00000,0x00000000eab00000,0x00000000ec500000)
  from space 8704K, 96% used [0x00000000ed280000,0x00000000edaa97f8,0x00000000edb00000)
  to   space 10752K, 0% used [0x00000000ec600000,0x00000000ec600000,0x00000000ed080000)
 ParOldGen       total 155648K, used 123186K [0x00000000c0000000, 0x00000000c9800000, 0x00000000eab00000)
  object space 155648K, 79% used [0x00000000c0000000,0x00000000c784c9d0,0x00000000c9800000)
 Metaspace       used 43487K, capacity 46124K, committed 46424K, reserved 1089536K
  class space    used 4511K, capacity 5403K, committed 5504K, reserved 1048576K
}
Event: 17.271 GC heap before
{Heap before GC invocations=37 (full 4):
 PSYoungGen      total 35328K, used 34981K [0x00000000eab00000, 0x00000000edb00000, 0x0000000100000000)
  eden space 26624K, 100% used [0x00000000eab00000,0x00000000ec500000,0x00000000ec500000)
  from space 8704K, 96% used [0x00000000ed280000,0x00000000edaa97f8,0x00000000edb00000)
  to   space 10752K, 0% used [0x00000000ec600000,0x00000000ec600000,0x00000000ed080000)
 ParOldGen       total 155648K, used 123186K [0x00000000c0000000, 0x00000000c9800000, 0x00000000eab00000)
  object space 155648K, 79% used [0x00000000c0000000,0x00000000c784c9d0,0x00000000c9800000)
 Metaspace       used 44764K, capacity 47536K, committed 47832K, reserved 1091584K
  class space    used 4628K, capacity 5599K, committed 5632K, reserved 1048576K
}
Event: 17.393 GC heap after
{Heap after GC invocations=37 (full 4):
 PSYoungGen      total 38400K, used 7935K [0x00000000eab00000, 0x00000000ed980000, 0x0000000100000000)
  eden space 27648K, 0% used [0x00000000eab00000,0x00000000eab00000,0x00000000ec600000)
  from space 10752K, 73% used [0x00000000ec600000,0x00000000ecdbff78,0x00000000ed080000)
  to   space 8704K, 0% used [0x00000000ed100000,0x00000000ed100000,0x00000000ed980000)
 ParOldGen       total 155648K, used 131456K [0x00000000c0000000, 0x00000000c9800000, 0x00000000eab00000)
  object space 155648K, 84% used [0x00000000c0000000,0x00000000c80601d0,0x00000000c9800000)
 Metaspace       used 44764K, capacity 47536K, committed 47832K, reserved 1091584K
  class space    used 4628K, capacity 5599K, committed 5632K, reserved 1048576K
}
Event: 17.640 GC heap before
{Heap before GC invocations=38 (full 4):
 PSYoungGen      total 38400K, used 35583K [0x00000000eab00000, 0x00000000ed980000, 0x0000000100000000)
  eden space 27648K, 100% used [0x00000000eab00000,0x00000000ec600000,0x00000000ec600000)
  from space 10752K, 73% used [0x00000000ec600000,0x00000000ecdbff78,0x00000000ed080000)
  to   space 8704K, 0% used [0x00000000ed100000,0x00000000ed100000,0x00000000ed980000)
 ParOldGen       total 155648K, used 131456K [0x00000000c0000000, 0x00000000c9800000, 0x00000000eab00000)
  object space 155648K, 84% used [0x00000000c0000000,0x00000000c80601d0,0x00000000c9800000)
 Metaspace       used 45231K, capacity 48037K, committed 48472K, reserved 1091584K
  class space    used 4686K, capacity 5638K, committed 5760K, reserved 1048576K
}
Event: 17.715 GC heap after
{Heap after GC invocations=38 (full 4):
 PSYoungGen      total 36864K, used 4589K [0x00000000eab00000, 0x00000000ed600000, 0x0000000100000000)
  eden space 31744K, 0% used [0x00000000eab00000,0x00000000eab00000,0x00000000eca00000)
  from space 5120K, 89% used [0x00000000ed100000,0x00000000ed57b448,0x00000000ed600000)
  to   space 6144K, 0% used [0x00000000eca00000,0x00000000eca00000,0x00000000ed000000)
 ParOldGen       total 155648K, used 139228K [0x00000000c0000000, 0x00000000c9800000, 0x00000000eab00000)
  object space 155648K, 89% used [0x00000000c0000000,0x00000000c87f7218,0x00000000c9800000)
 Metaspace       used 45231K, capacity 48037K, committed 48472K, reserved 1091584K
  class space    used 4686K, capacity 5638K, committed 5760K, reserved 1048576K
}
Event: 17.941 GC heap before
{Heap before GC invocations=39 (full 4):
 PSYoungGen      total 36864K, used 36333K [0x00000000eab00000, 0x00000000ed600000, 0x0000000100000000)
  eden space 31744K, 100% used [0x00000000eab00000,0x00000000eca00000,0x00000000eca00000)
  from space 5120K, 89% used [0x00000000ed100000,0x00000000ed57b448,0x00000000ed600000)
  to   space 6144K, 0% used [0x00000000eca00000,0x00000000eca00000,0x00000000ed000000)
 ParOldGen       total 155648K, used 139228K [0x00000000c0000000, 0x00000000c9800000, 0x00000000eab00000)
  object space 155648K, 89% used [0x00000000c0000000,0x00000000c87f7218,0x00000000c9800000)
 Metaspace       used 45446K, capacity 48212K, committed 48472K, reserved 1091584K
  class space    used 4715K, capacity 5676K, committed 5760K, reserved 1048576K
}
Event: 17.993 GC heap after
{Heap after GC invocations=39 (full 4):
 PSYoungGen      total 37888K, used 5577K [0x00000000eab00000, 0x00000000eda00000, 0x0000000100000000)
  eden space 31744K, 0% used [0x00000000eab00000,0x00000000eab00000,0x00000000eca00000)
  from space 6144K, 90% used [0x00000000eca00000,0x00000000ecf72488,0x00000000ed000000)
  to   space 6144K, 0% used [0x00000000ed400000,0x00000000ed400000,0x00000000eda00000)
 ParOldGen       total 155648K, used 143750K [0x00000000c0000000, 0x00000000c9800000, 0x00000000eab00000)
  object space 155648K, 92% used [0x00000000c0000000,0x00000000c8c61bc8,0x00000000c9800000)
 Metaspace       used 45446K, capacity 48212K, committed 48472K, reserved 1091584K
  class space    used 4715K, capacity 5676K, committed 5760K, reserved 1048576K
}
Event: 18.358 GC heap before
{Heap before GC invocations=40 (full 4):
 PSYoungGen      total 37888K, used 37321K [0x00000000eab00000, 0x00000000eda00000, 0x0000000100000000)
  eden space 31744K, 100% used [0x00000000eab00000,0x00000000eca00000,0x00000000eca00000)
  from space 6144K, 90% used [0x00000000eca00000,0x00000000ecf72488,0x00000000ed000000)
  to   space 6144K, 0% used [0x00000000ed400000,0x00000000ed400000,0x00000000eda00000)
 ParOldGen       total 155648K, used 143750K [0x00000000c0000000, 0x00000000c9800000, 0x00000000eab00000)
  object space 155648K, 92% used [0x00000000c0000000,0x00000000c8c61bc8,0x00000000c9800000)
 Metaspace       used 45617K, capacity 48432K, committed 48728K, reserved 1091584K
  class space    used 4728K, capacity 5683K, committed 5760K, reserved 1048576K
}
Event: 18.481 GC heap after
{Heap after GC invocations=40 (full 4):
 PSYoungGen      total 33792K, used 6122K [0x00000000eab00000, 0x00000000eea00000, 0x0000000100000000)
  eden space 27648K, 0% used [0x00000000eab00000,0x00000000eab00000,0x00000000ec600000)
  from space 6144K, 99% used [0x00000000ed400000,0x00000000ed9faa48,0x00000000eda00000)
  to   space 14336K, 0% used [0x00000000ec600000,0x00000000ec600000,0x00000000ed400000)
 ParOldGen       total 155648K, used 150556K [0x00000000c0000000, 0x00000000c9800000, 0x00000000eab00000)
  object space 155648K, 96% used [0x00000000c0000000,0x00000000c93073c0,0x00000000c9800000)
 Metaspace       used 45617K, capacity 48432K, committed 48728K, reserved 1091584K
  class space    used 4728K, capacity 5683K, committed 5760K, reserved 1048576K
}
Event: 18.481 GC heap before
{Heap before GC invocations=41 (full 5):
 PSYoungGen      total 33792K, used 6122K [0x00000000eab00000, 0x00000000eea00000, 0x0000000100000000)
  eden space 27648K, 0% used [0x00000000eab00000,0x00000000eab00000,0x00000000ec600000)
  from space 6144K, 99% used [0x00000000ed400000,0x00000000ed9faa48,0x00000000eda00000)
  to   space 14336K, 0% used [0x00000000ec600000,0x00000000ec600000,0x00000000ed400000)
 ParOldGen       total 155648K, used 150556K [0x00000000c0000000, 0x00000000c9800000, 0x00000000eab00000)
  object space 155648K, 96% used [0x00000000c0000000,0x00000000c93073c0,0x00000000c9800000)
 Metaspace       used 45617K, capacity 48432K, committed 48728K, reserved 1091584K
  class space    used 4728K, capacity 5683K, committed 5760K, reserved 1048576K
}

